[INFO] 2025-12-04 20:27:07 - Scraping page 1
[INFO] 2025-12-04 20:27:12 - Scraping page 2
[INFO] 2025-12-04 20:27:17 - Scraping page 3
[INFO] 2025-12-04 20:27:21 - Scraping page 4
[INFO] 2025-12-04 20:27:25 - Scraping page 5
[INFO] 2025-12-04 20:27:30 - Scraping page 6
[INFO] 2025-12-04 20:27:34 - Scraping page 7
[INFO] 2025-12-04 20:27:38 - Scraping page 8
[INFO] 2025-12-04 20:27:42 - Scraping page 9
[INFO] 2025-12-04 20:27:47 - Scraping page 10
[INFO] 2025-12-04 20:27:51 - Scraping page 11
[INFO] 2025-12-04 20:27:55 - Scraping page 12
[INFO] 2025-12-04 20:27:59 - Scraping page 13
[INFO] 2025-12-04 20:28:04 - Scraping page 14
[INFO] 2025-12-04 20:28:08 - Scraping page 15
[INFO] 2025-12-04 20:28:12 - Scraping page 16
[INFO] 2025-12-04 20:28:16 - Scraping page 17
[INFO] 2025-12-04 20:28:21 - Scraping page 18
[INFO] 2025-12-04 20:28:25 - Scraping page 19
[INFO] 2025-12-04 20:28:30 - Scraping page 20
[INFO] 2025-12-04 20:28:34 - Scraping page 21
[INFO] 2025-12-04 20:28:38 - Scraping page 22
[INFO] 2025-12-04 20:28:43 - Scraping page 23
[INFO] 2025-12-04 20:28:47 - Scraping page 24
[INFO] 2025-12-04 20:28:51 - Scraping page 25
[INFO] 2025-12-04 20:28:56 - Scraping page 26
[INFO] 2025-12-04 20:29:00 - Scraping page 27
[INFO] 2025-12-04 20:29:04 - Scraping page 28
[INFO] 2025-12-04 20:29:09 - Scraping page 29
[INFO] 2025-12-04 20:29:13 - Scraping page 30
[INFO] 2025-12-04 20:29:18 - Scraping page 31
[INFO] 2025-12-04 20:29:22 - Scraping page 32
[INFO] 2025-12-04 20:29:26 - Scraping page 33
[INFO] 2025-12-04 20:29:31 - Scraping page 34
[INFO] 2025-12-04 20:29:35 - Scraping page 35
[INFO] 2025-12-04 20:29:39 - Scraping page 36
[INFO] 2025-12-04 20:29:44 - Scraping page 37
[INFO] 2025-12-04 20:29:48 - Scraping page 38
[INFO] 2025-12-04 20:29:52 - Scraping page 39
[ERROR] 2025-12-04 20:29:55 - Failed to click next: Message: element click intercepted: Element <a aria-label="Go to next page" ng-disabled="data.p == data.num_pages" ng-href="" ng-click="setPageNum(data.p + 1)" class="btn btn-default" type="button" disabled="disabled">...</a> is not clickable at point (516, 345). Other element would receive the click: <div class="btn-group">...</div>
  (Session info: chrome=142.0.7444.176); For documentation on this error, please visit: https://www.selenium.dev/documentation/webdriver/troubleshooting/errors#elementclickinterceptedexception
Stacktrace:
Symbols not available. Dumping unresolved backtrace:
	0x12e4103
	0x12e4144
	0x10ee71d
	0x1140580
	0x113e8e3
	0x113c387
	0x113b5fd
	0x112fd65
	0x115c90c
	0x112f7c4
	0x115cac4
	0x117ee17
	0x115c706
	0x112da30
	0x112ed54
	0x15557b4
	0x155098a
	0x130c392
	0x12fc4c8
	0x130324d
	0x12ec478
	0x12ec63c
	0x12d67ca
	0x75d30419
	0x770672fd
	0x770672cd
. Stopping.
[INFO] 2025-12-04 20:29:57 - Scraping finished. Rows collected: 779. Saved to data\raw_ddtc.csv
